0 verbose cli [
0 verbose cli   'C:\\Program Files\\nodejs\\node.exe',
0 verbose cli   'C:\\Users\\A. A. ADEKUNLE\\AppData\\Roaming\\npm\\node_modules\\npm\\bin\\npm-cli.js',
0 verbose cli   'run',
0 verbose cli   'dev'
0 verbose cli ]
1 info using npm@7.21.1
2 info using node@v14.17.1
3 timing npm:load:whichnode Completed in 1ms
4 timing config:load:defaults Completed in 6ms
5 timing config:load:file:C:\Users\A. A. ADEKUNLE\AppData\Roaming\npm\node_modules\npm\npmrc Completed in 24ms
6 timing config:load:builtin Completed in 25ms
7 timing config:load:cli Completed in 7ms
8 timing config:load:env Completed in 3ms
9 timing config:load:project Completed in 4ms
10 timing config:load:file:C:\Users\A. A. ADEKUNLE\.npmrc Completed in 2ms
11 timing config:load:user Completed in 2ms
12 timing config:load:file:C:\Users\A. A. ADEKUNLE\AppData\Roaming\npm\etc\npmrc Completed in 1ms
13 timing config:load:global Completed in 1ms
14 timing config:load:validate Completed in 2ms
15 timing config:load:credentials Completed in 3ms
16 timing config:load:setEnvs Completed in 4ms
17 timing config:load Completed in 57ms
18 timing npm:load:configload Completed in 57ms
19 timing npm:load:setTitle Completed in 1ms
20 timing npm:load:setupLog Completed in 7ms
21 timing config:load:flatten Completed in 12ms
22 timing npm:load:cleanupLog Completed in 11ms
23 timing npm:load:configScope Completed in 0ms
24 timing npm:load:projectScope Completed in 3ms
25 timing npm:load Completed in 99ms
26 timing command:run-script Completed in 126ms
27 verbose stack Error: Missing script: "dev"
27 verbose stack
27 verbose stack To see a list of scripts, run:
27 verbose stack   npm run
27 verbose stack     at RunScript.run (C:\Users\A. A. ADEKUNLE\AppData\Roaming\npm\node_modules\npm\lib\run-script.js:104:13)
28 verbose cwd C:\Users\A. A. ADEKUNLE\Desktop\Upload- React-Files - Practice\UPL-File
29 verbose Windows_NT 10.0.18362
30 verbose argv "C:\\Program Files\\nodejs\\node.exe" "C:\\Users\\A. A. ADEKUNLE\\AppData\\Roaming\\npm\\node_modules\\npm\\bin\\npm-cli.js" "run" "dev"
31 verbose node v14.17.1
32 verbose npm  v7.21.1
33 error Missing script: "dev"
33 error
33 error To see a list of scripts, run:
33 error   npm run
34 verbose exit 1
