0 verbose cli [
0 verbose cli   'C:\\Program Files\\nodejs\\node.exe',
0 verbose cli   'C:\\Users\\A. A. ADEKUNLE\\AppData\\Roaming\\npm\\node_modules\\npm\\bin\\npm-cli.js',
0 verbose cli   'run',
0 verbose cli   'server npm run client'
0 verbose cli ]
1 info using npm@7.21.1
2 info using node@v14.17.1
3 timing npm:load:whichnode Completed in 1ms
4 timing config:load:defaults Completed in 7ms
5 timing config:load:file:C:\Users\A. A. ADEKUNLE\AppData\Roaming\npm\node_modules\npm\npmrc Completed in 24ms
6 timing config:load:builtin Completed in 24ms
7 timing config:load:cli Completed in 6ms
8 timing config:load:env Completed in 5ms
9 timing config:load:file:C:\Users\A. A. ADEKUNLE\Desktop\Upload- React-Files - Practice\UPL-File\.npmrc Completed in 1ms
10 timing config:load:project Completed in 4ms
11 timing config:load:file:C:\Users\A. A. ADEKUNLE\.npmrc Completed in 2ms
12 timing config:load:user Completed in 2ms
13 timing config:load:file:C:\Users\A. A. ADEKUNLE\AppData\Roaming\npm\etc\npmrc Completed in 1ms
14 timing config:load:global Completed in 1ms
15 timing config:load:validate Completed in 5ms
16 timing config:load:credentials Completed in 5ms
17 timing config:load:setEnvs Completed in 3ms
18 timing config:load Completed in 62ms
19 timing npm:load:configload Completed in 63ms
20 timing npm:load:setTitle Completed in 1ms
21 timing npm:load:setupLog Completed in 3ms
22 timing config:load:flatten Completed in 23ms
23 timing npm:load:cleanupLog Completed in 23ms
24 timing npm:load:configScope Completed in 0ms
25 timing npm:load:projectScope Completed in 6ms
26 timing npm:load Completed in 124ms
27 timing command:run-script Completed in 56ms
28 verbose stack Error: Missing script: "server npm run client"
28 verbose stack
28 verbose stack To see a list of scripts, run:
28 verbose stack   npm run
28 verbose stack     at RunScript.run (C:\Users\A. A. ADEKUNLE\AppData\Roaming\npm\node_modules\npm\lib\run-script.js:104:13)
29 verbose cwd C:\Users\A. A. ADEKUNLE\Desktop\Upload- React-Files - Practice\UPL-File
30 verbose Windows_NT 10.0.18362
31 verbose argv "C:\\Program Files\\nodejs\\node.exe" "C:\\Users\\A. A. ADEKUNLE\\AppData\\Roaming\\npm\\node_modules\\npm\\bin\\npm-cli.js" "run" "server npm run client"
32 verbose node v14.17.1
33 verbose npm  v7.21.1
34 error Missing script: "server npm run client"
34 error
34 error To see a list of scripts, run:
34 error   npm run
35 verbose exit 1
