0 verbose cli [
0 verbose cli   'C:\\Program Files\\nodejs\\node.exe',
0 verbose cli   'C:\\Users\\A. A. ADEKUNLE\\AppData\\Roaming\\npm\\node_modules\\npm\\bin\\npm-cli.js',
0 verbose cli   'install',
0 verbose cli   'material-ui/core'
0 verbose cli ]
1 info using npm@7.21.1
2 info using node@v14.17.1
3 timing npm:load:whichnode Completed in 1ms
4 timing config:load:defaults Completed in 6ms
5 timing config:load:file:C:\Users\A. A. ADEKUNLE\AppData\Roaming\npm\node_modules\npm\npmrc Completed in 21ms
6 timing config:load:builtin Completed in 22ms
7 timing config:load:cli Completed in 5ms
8 timing config:load:env Completed in 3ms
9 timing config:load:file:C:\Users\A. A. ADEKUNLE\Desktop\API REACT\apireact\.npmrc Completed in 0ms
10 timing config:load:project Completed in 3ms
11 timing config:load:file:C:\Users\A. A. ADEKUNLE\.npmrc Completed in 2ms
12 timing config:load:user Completed in 3ms
13 timing config:load:file:C:\Users\A. A. ADEKUNLE\AppData\Roaming\npm\etc\npmrc Completed in 0ms
14 timing config:load:global Completed in 0ms
15 timing config:load:validate Completed in 2ms
16 timing config:load:credentials Completed in 2ms
17 timing config:load:setEnvs Completed in 3ms
18 timing config:load Completed in 51ms
19 timing npm:load:configload Completed in 51ms
20 timing npm:load:setTitle Completed in 0ms
21 timing npm:load:setupLog Completed in 5ms
22 timing config:load:flatten Completed in 15ms
23 timing npm:load:cleanupLog Completed in 11ms
24 timing npm:load:configScope Completed in 0ms
25 timing npm:load:projectScope Completed in 7ms
26 timing npm:load Completed in 97ms
27 timing arborist:ctor Completed in 3ms
28 timing idealTree:init Completed in 4450ms
29 timing arborist:ctor Completed in 0ms
30 timing idealTree Completed in 13833ms
31 timing command:install Completed in 13883ms
32 verbose stack Error: An unknown git error occurred
32 verbose stack     at makeError (C:\Users\A. A. ADEKUNLE\AppData\Roaming\npm\node_modules\npm\node_modules\@npmcli\git\lib\make-error.js:28:13)
32 verbose stack     at C:\Users\A. A. ADEKUNLE\AppData\Roaming\npm\node_modules\npm\node_modules\@npmcli\git\lib\spawn.js:36:26
33 verbose cwd C:\Users\A. A. ADEKUNLE\Desktop\API REACT\apireact
34 verbose Windows_NT 10.0.18362
35 verbose argv "C:\\Program Files\\nodejs\\node.exe" "C:\\Users\\A. A. ADEKUNLE\\AppData\\Roaming\\npm\\node_modules\\npm\\bin\\npm-cli.js" "install" "material-ui/core"
36 verbose node v14.17.1
37 verbose npm  v7.21.1
38 error code 128
39 error An unknown git error occurred
40 error command git --no-replace-objects ls-remote ssh://git@github.com/material-ui/core.git
41 error Warning: Permanently added 'github.com' (ED25519) to the list of known hosts.
41 error git@github.com: Permission denied (publickey).
41 error fatal: Could not read from remote repository.
41 error
41 error Please make sure you have the correct access rights
41 error and the repository exists.
42 verbose exit 128
