0 verbose cli [
0 verbose cli   'C:\\Program Files\\nodejs\\node.exe',
0 verbose cli   'C:\\Users\\A. A. ADEKUNLE\\AppData\\Roaming\\npm\\node_modules\\npm\\bin\\npm-cli.js',
0 verbose cli   'install',
0 verbose cli   '@material-ui/core'
0 verbose cli ]
1 info using npm@7.21.1
2 info using node@v14.17.1
3 timing npm:load:whichnode Completed in 1ms
4 timing config:load:defaults Completed in 6ms
5 timing config:load:file:C:\Users\A. A. ADEKUNLE\AppData\Roaming\npm\node_modules\npm\npmrc Completed in 23ms
6 timing config:load:builtin Completed in 23ms
7 timing config:load:cli Completed in 6ms
8 timing config:load:env Completed in 2ms
9 timing config:load:file:C:\Users\A. A. ADEKUNLE\Desktop\API REACT\apireact\.npmrc Completed in 1ms
10 timing config:load:project Completed in 4ms
11 timing config:load:file:C:\Users\A. A. ADEKUNLE\.npmrc Completed in 2ms
12 timing config:load:user Completed in 2ms
13 timing config:load:file:C:\Users\A. A. ADEKUNLE\AppData\Roaming\npm\etc\npmrc Completed in 1ms
14 timing config:load:global Completed in 2ms
15 timing config:load:validate Completed in 2ms
16 timing config:load:credentials Completed in 3ms
17 timing config:load:setEnvs Completed in 3ms
18 timing config:load Completed in 54ms
19 timing npm:load:configload Completed in 55ms
20 timing npm:load:setTitle Completed in 1ms
21 timing npm:load:setupLog Completed in 3ms
22 timing config:load:flatten Completed in 15ms
23 timing npm:load:cleanupLog Completed in 9ms
24 timing npm:load:configScope Completed in 0ms
25 timing npm:load:projectScope Completed in 5ms
26 timing npm:load Completed in 95ms
27 timing arborist:ctor Completed in 3ms
28 timing idealTree:init Completed in 4994ms
29 timing idealTree:userRequests Completed in 17ms
30 silly idealTree buildDeps
31 silly fetch manifest @material-ui/core@*
32 timing arborist:ctor Completed in 1ms
33 http fetch GET 200 https://registry.npmjs.org/@material-ui%2fcore 5316ms (cache hit)
34 silly fetch manifest @types/react@^16.8.6 || ^17.0.0
35 http fetch GET 200 https://registry.npmjs.org/@types%2freact 78ms (cache hit)
36 silly fetch manifest react@^18.0.0
37 http fetch GET 200 https://registry.npmjs.org/react 92ms (cache hit)
38 silly fetch manifest react@^16.8.0 || ^17.0.0
39 timing idealTree Completed in 10715ms
40 timing command:install Completed in 10857ms
41 verbose stack Error: unable to resolve dependency tree
41 verbose stack     at Arborist.[failPeerConflict] (C:\Users\A. A. ADEKUNLE\AppData\Roaming\npm\node_modules\npm\node_modules\@npmcli\arborist\lib\arborist\build-ideal-tree.js:1274:25)
41 verbose stack     at Arborist.[loadPeerSet] (C:\Users\A. A. ADEKUNLE\AppData\Roaming\npm\node_modules\npm\node_modules\@npmcli\arborist\lib\arborist\build-ideal-tree.js:1241:34)
41 verbose stack     at async Arborist.[buildDepStep] (C:\Users\A. A. ADEKUNLE\AppData\Roaming\npm\node_modules\npm\node_modules\@npmcli\arborist\lib\arborist\build-ideal-tree.js:877:11)
41 verbose stack     at async Arborist.buildIdealTree (C:\Users\A. A. ADEKUNLE\AppData\Roaming\npm\node_modules\npm\node_modules\@npmcli\arborist\lib\arborist\build-ideal-tree.js:206:7)
41 verbose stack     at async Promise.all (index 1)
41 verbose stack     at async Arborist.reify (C:\Users\A. A. ADEKUNLE\AppData\Roaming\npm\node_modules\npm\node_modules\@npmcli\arborist\lib\arborist\reify.js:147:5)
41 verbose stack     at async Install.install (C:\Users\A. A. ADEKUNLE\AppData\Roaming\npm\node_modules\npm\lib\install.js:150:5)
42 verbose cwd C:\Users\A. A. ADEKUNLE\Desktop\API REACT\apireact
43 verbose Windows_NT 10.0.18362
44 verbose argv "C:\\Program Files\\nodejs\\node.exe" "C:\\Users\\A. A. ADEKUNLE\\AppData\\Roaming\\npm\\node_modules\\npm\\bin\\npm-cli.js" "install" "@material-ui/core"
45 verbose node v14.17.1
46 verbose npm  v7.21.1
47 error code ERESOLVE
48 error ERESOLVE unable to resolve dependency tree
49 error
50 error While resolving: [1mapireact[22m@[1m0.1.0[22m
50 error Found: [1mreact[22m@[1m18.1.0[22m[2m[22m
50 error [2mnode_modules/react[22m
50 error   [1mreact[22m@"[1m^18.0.0[22m" from the root project
50 error
50 error Could not resolve dependency:
50 error [35mpeer[39m [1mreact[22m@"[1m^16.8.0 || ^17.0.0[22m" from [1m@material-ui/core[22m@[1m4.12.4[22m[2m[22m
50 error [2mnode_modules/@material-ui/core[22m
50 error   [1m@material-ui/core[22m@"[1m*[22m" from the root project
50 error
50 error Fix the upstream dependency conflict, or retry
50 error this command with --force, or --legacy-peer-deps
50 error to accept an incorrect (and potentially broken) dependency resolution.
50 error
50 error See C:\Users\A. A. ADEKUNLE\Desktop\API REACT\apireact\eresolve-report.txt for a full report.
51 verbose exit 1
