0 verbose cli [
0 verbose cli   'C:\\Program Files\\nodejs\\node.exe',
0 verbose cli   'C:\\Users\\A. A. ADEKUNLE\\AppData\\Roaming\\npm\\node_modules\\npm\\bin\\npm-cli.js',
0 verbose cli   'install',
0 verbose cli   '@materialui/core'
0 verbose cli ]
1 info using npm@7.21.1
2 info using node@v14.17.1
3 timing npm:load:whichnode Completed in 4ms
4 timing config:load:defaults Completed in 14ms
5 timing config:load:file:C:\Users\A. A. ADEKUNLE\AppData\Roaming\npm\node_modules\npm\npmrc Completed in 49ms
6 timing config:load:builtin Completed in 49ms
7 timing config:load:cli Completed in 5ms
8 timing config:load:env Completed in 3ms
9 timing config:load:file:C:\Users\A. A. ADEKUNLE\Desktop\API REACT\apireact\.npmrc Completed in 1ms
10 timing config:load:project Completed in 3ms
11 timing config:load:file:C:\Users\A. A. ADEKUNLE\.npmrc Completed in 3ms
12 timing config:load:user Completed in 3ms
13 timing config:load:file:C:\Users\A. A. ADEKUNLE\AppData\Roaming\npm\etc\npmrc Completed in 1ms
14 timing config:load:global Completed in 2ms
15 timing config:load:validate Completed in 2ms
16 timing config:load:credentials Completed in 22ms
17 timing config:load:setEnvs Completed in 5ms
18 timing config:load Completed in 110ms
19 timing npm:load:configload Completed in 113ms
20 timing npm:load:setTitle Completed in 1ms
21 timing npm:load:setupLog Completed in 2ms
22 timing config:load:flatten Completed in 26ms
23 timing npm:load:cleanupLog Completed in 9ms
24 timing npm:load:configScope Completed in 0ms
25 timing npm:load:projectScope Completed in 2ms
26 timing npm:load Completed in 168ms
27 timing arborist:ctor Completed in 3ms
28 timing idealTree:init Completed in 6086ms
29 timing idealTree:userRequests Completed in 16ms
30 silly idealTree buildDeps
31 silly fetch manifest @materialui/core@*
32 http fetch GET 404 https://registry.npmjs.org/@materialui%2fcore 3799ms (cache skip)
33 http fetch GET 404 https://registry.npmjs.org/@materialui%2fcore 1764ms (cache skip)
34 silly placeDep ROOT @materialui/core@ OK for: apireact@0.1.0 want: *
35 timing idealTree:#root Completed in 5607ms
36 timing idealTree:node_modules/@materialui/core Completed in 1ms
37 timing idealTree:buildDeps Completed in 5613ms
38 timing idealTree:fixDepFlags Completed in 88ms
39 timing idealTree Completed in 11807ms
40 timing command:install Completed in 11949ms
41 verbose stack HttpErrorGeneral: 404 Not Found - GET https://registry.npmjs.org/@materialui%2fcore - Not found
41 verbose stack     at C:\Users\A. A. ADEKUNLE\AppData\Roaming\npm\node_modules\npm\node_modules\npm-registry-fetch\check-response.js:95:15
41 verbose stack     at processTicksAndRejections (internal/process/task_queues.js:95:5)
41 verbose stack     at async Arborist.[nodeFromEdge] (C:\Users\A. A. ADEKUNLE\AppData\Roaming\npm\node_modules\npm\node_modules\@npmcli\arborist\lib\arborist\build-ideal-tree.js:997:19)
41 verbose stack     at async Arborist.[buildDepStep] (C:\Users\A. A. ADEKUNLE\AppData\Roaming\npm\node_modules\npm\node_modules\@npmcli\arborist\lib\arborist\build-ideal-tree.js:877:11)
41 verbose stack     at async Arborist.buildIdealTree (C:\Users\A. A. ADEKUNLE\AppData\Roaming\npm\node_modules\npm\node_modules\@npmcli\arborist\lib\arborist\build-ideal-tree.js:206:7)
41 verbose stack     at async Promise.all (index 1)
41 verbose stack     at async Arborist.reify (C:\Users\A. A. ADEKUNLE\AppData\Roaming\npm\node_modules\npm\node_modules\@npmcli\arborist\lib\arborist\reify.js:147:5)
41 verbose stack     at async Install.install (C:\Users\A. A. ADEKUNLE\AppData\Roaming\npm\node_modules\npm\lib\install.js:150:5)
42 verbose statusCode 404
43 verbose pkgid @materialui/core@*
44 verbose cwd C:\Users\A. A. ADEKUNLE\Desktop\API REACT\apireact
45 verbose Windows_NT 10.0.18362
46 verbose argv "C:\\Program Files\\nodejs\\node.exe" "C:\\Users\\A. A. ADEKUNLE\\AppData\\Roaming\\npm\\node_modules\\npm\\bin\\npm-cli.js" "install" "@materialui/core"
47 verbose node v14.17.1
48 verbose npm  v7.21.1
49 error code E404
50 error 404 Not Found - GET https://registry.npmjs.org/@materialui%2fcore - Not found
51 error 404
52 error 404 '@materialui/core@*' is not in the npm registry.
53 error 404 You should bug the author to publish it (or use the name yourself!)
54 error 404 Note that you can also install from a
55 error 404 tarball, folder, http url, or git url.
56 verbose exit 1
